<?xml version="1.0" encoding="UTF-8"?>
<testsuite xmlns:xsi="http://www.w3.org/2001/XMLSchema-instance" xsi:noNamespaceSchemaLocation="https://maven.apache.org/surefire/maven-surefire-plugin/xsd/surefire-test-report-3.0.xsd" version="3.0" name="com.tienda.TiendaApplicationTests" time="2.219" tests="1" errors="0" skipped="0" failures="0">
  <properties>
[...]
</properties>
  <testcase name="contextLoads" classname="com.tienda.TiendaApplicationTests" time="0.695">
    <system-out><![CDATA[13:55:54.559 [main] INFO org.springframework.test.context.support.AnnotationConfigContextLoaderUtils -- Could not detect default configuration classes for test class [com.tienda.TiendaApplicationTests]: TiendaApplicationTests does not declare any static, non-private, non-final, nested classes annotated with @Configuration.
13:55:54.653 [main] INFO org.springframework.boot.test.context.SpringBootTestContextBootstrapper -- Found @SpringBootConfiguration com.tienda.TiendaApplication for test class com.tienda.TiendaApplicationTests

  .   ____          _            __ _ _
 /\\ / ___'_ __ _ _(_)_ __  __ _ \ \ \ \
( ( )\___ | '_ | '_| | '_ \/ _` | \ \ \ \
 \\/  ___)| |_)| | | | | || (_| |  ) ) ) )
  '  |____| .__|_| |_|_| |_\__, | / / / /
 =========|_|==============|___/=/_/_/_/
 :: Spring Boot ::                (v3.1.3)

2023-09-26T13:55:55.075-06:00  INFO 18472 --- [           main] com.tienda.TiendaApplicationTests        : Starting TiendaApplicationTests using Java 20.0.2 with PID 18472 (started by noerr in C:\dev\Tienda_l)
2023-09-26T13:55:55.076-06:00  INFO 18472 --- [           main] com.tienda.TiendaApplicationTests        : No active profile set, falling back to 1 default profile: "default"
2023-09-26T13:55:55.818-06:00  INFO 18472 --- [           main] o.s.b.a.w.s.WelcomePageHandlerMapping    : Adding welcome page: class path resource [static/index.html]
2023-09-26T13:55:55.895-06:00  WARN 18472 --- [           main] ion$DefaultTemplateResolverConfiguration : Cannot find template location: classpath:/templates/ (please add some templates, check your Thymeleaf configuration, or set spring.thymeleaf.check-template-location=false)
2023-09-26T13:55:55.929-06:00  INFO 18472 --- [           main] com.tienda.TiendaApplicationTests        : Started TiendaApplicationTests in 1.099 seconds (process running for 1.929)
]]></system-out>
  </testcase>
</testsuite>